[2024-10-09T13:29:11.570Z] [INFO] Server has started on the port 4242...
[2024-10-09T13:29:11.574Z] [WARN] test warn logger
[2024-10-09T13:29:11.574Z] [ERROR] test error logger
[2024-10-09T13:29:11.574Z] [DEBUG] test debug logger
[2024-10-09T13:29:28.860Z] [INFO] Server has started on the port 4242...
[2024-10-09T13:30:36.521Z] [INFO] POST /api/v1/auth/signin 200 - 6ms
[2024-10-09T13:37:52.472Z] [INFO] POST /api/v1/auth/signin 200 - 3ms
[2024-10-09T13:44:41.990Z] [INFO] POST /api/v1/auth/signin 200 - 4ms
[2024-10-09T13:45:12.217Z] [INFO] POST /api/v1/auth/signin 200 - 3ms
[2024-10-09T13:48:33.684Z] [INFO] POST /api/v1/auth/signin 200 - 3ms
[2024-10-09T13:48:37.593Z] [INFO] POST /api/v1/auth/signin 200 - 2ms
[2024-10-09T13:48:38.881Z] [INFO] POST /api/v1/auth/signin 200 - 2ms
[2024-10-09T13:48:40.608Z] [INFO] POST /api/v1/auth/signin 200 - 2ms
[2024-10-09T13:55:45.256Z] [INFO] POST /api/v1/auth/signin 401 - 4ms
[2024-10-09T13:55:48.882Z] [INFO] GET /api/v1/auth/signin 401 - 2ms
[2024-10-09T13:55:54.222Z] [INFO] POST /api/v1/auth/signin 401 - 2ms
[2024-10-09T14:04:37.655Z] [INFO] POST /api/v1/auth/signin 401 - 3ms
[2024-10-09T14:04:59.966Z] [INFO] POST /api/v1/auth/signin 401 - 3ms
[2024-10-09T14:05:43.052Z] [INFO] POST /api/v1/auth/signin 401 - 2ms
[2024-10-09T14:07:35.541Z] [INFO] Server has started on the port 4242...
[2024-10-09T14:08:49.442Z] [INFO] Server has started on the port 4242...
[2024-10-09T14:09:54.041Z] [INFO] Server has started on the port 4242...
[2024-10-09T14:10:13.143Z] [INFO] POST /api/v1/auth/signin 401 - 4ms
[2024-10-09T14:10:35.643Z] [INFO] POST /api/v1/auth/signin 200 - 3ms
[2024-10-09T14:10:51.748Z] [INFO] POST /api/v1/auth/signin 401 - 2ms
[2024-10-09T14:42:24.333Z] [INFO] POST /api/v1/auth/signin 200 - 3ms
[2024-10-09T14:44:37.707Z] [INFO] POST /api/v1/auth/signin 200 - 1ms
[2024-10-09T16:13:03.040Z] [INFO] POST /api/v1/auth/signin 200 - 2ms
[2024-10-10T10:07:46.716Z] [INFO] Server has started on the port 4242...
[2024-10-10T10:07:56.932Z] [INFO] POST /api/v1/auth/signin 200 - 6ms
